2025-09-27 12:24:10,991 - configurador_logs - INFO - Sistema de logs configurado com sucesso
2025-09-27 12:24:10,991 - configurador_logs - INFO - 🚀 Logs configurados para MODO PRODUÇÃO
2025-09-27 12:24:10,992 - gerenciador_principal - INFO - Inicializando sistema - Modo: PRODUCAO
2025-09-27 12:24:10,993 - gerenciador_arquivos - INFO - Pasta dados_coletados preparada
2025-09-27 12:24:10,994 - gerenciador_principal - INFO - Sistema inicializado com 3 scrapers
2025-09-27 12:24:10,995 - gerenciador_principal - INFO - ============================================================
2025-09-27 12:24:10,996 - gerenciador_principal - INFO - INICIANDO SCRAPING COMPLETO - PRODUCAO
2025-09-27 12:24:10,996 - gerenciador_principal - INFO - ============================================================
2025-09-27 12:24:10,996 - gerenciador_principal - INFO - [1/3] Processando Cobasi
2025-09-27 12:24:10,996 - scraper_base - INFO - 🚀 Iniciando scraping completo - Cobasi
2025-09-27 12:24:11,625 - gerenciador_conexoes - INFO - Sessao estabelecida com cobasi.com.br
2025-09-27 12:24:11,625 - scraper_base - INFO - 📋 20 medicamentos para processar
2025-09-27 12:24:11,626 - scraper_base - INFO - 📦 [1/20] Processando Simparic
2025-09-27 12:24:11,626 - scraper_base - INFO - 🔍 Cobasi: Buscando Simparic
2025-09-27 12:24:15,964 - scraper_cobasi - INFO - Cobasi: Dados extraídos via JSON para Simparic
2025-09-27 12:24:15,964 - scraper_base - INFO - ✅ Cobasi: 12 produto(s) encontrado(s) para Simparic
2025-09-27 12:24:17,111 - scraper_base - INFO - 📦 [2/20] Processando Revolution
2025-09-27 12:24:17,111 - scraper_base - INFO - 🔍 Cobasi: Buscando Revolution
2025-09-27 12:24:19,556 - scraper_cobasi - INFO - Cobasi: Dados extraídos via JSON para Revolution
2025-09-27 12:24:19,556 - scraper_base - INFO - ✅ Cobasi: 12 produto(s) encontrado(s) para Revolution
2025-09-27 12:24:21,309 - scraper_base - INFO - 📦 [3/20] Processando NexGard
2025-09-27 12:24:21,309 - scraper_base - INFO - 🔍 Cobasi: Buscando NexGard
2025-09-27 12:24:24,708 - scraper_cobasi - INFO - Cobasi: Dados extraídos via JSON para NexGard
2025-09-27 12:24:24,708 - scraper_base - INFO - ✅ Cobasi: 22 produto(s) encontrado(s) para NexGard
2025-09-27 12:24:26,515 - scraper_base - INFO - 📦 [4/20] Processando NexGard Spectra
2025-09-27 12:24:26,515 - scraper_base - INFO - 🔍 Cobasi: Buscando NexGard Spectra
2025-09-27 12:24:28,227 - scraper_cobasi - INFO - Cobasi: Dados extraídos via JSON para NexGard Spectra
2025-09-27 12:24:28,227 - scraper_base - INFO - ✅ Cobasi: 10 produto(s) encontrado(s) para NexGard Spectra
2025-09-27 12:24:29,624 - scraper_base - INFO - 📦 [5/20] Processando NexGard Combo
2025-09-27 12:24:29,625 - scraper_base - INFO - 🔍 Cobasi: Buscando NexGard Combo
2025-09-27 12:24:31,344 - scraper_cobasi - INFO - Cobasi: Dados extraídos via JSON para NexGard Combo
2025-09-27 12:24:31,345 - scraper_base - INFO - ✅ Cobasi: 4 produto(s) encontrado(s) para NexGard Combo
2025-09-27 12:24:34,065 - scraper_base - INFO - 📦 [6/20] Processando Bravecto
2025-09-27 12:24:34,065 - scraper_base - INFO - 🔍 Cobasi: Buscando Bravecto
2025-09-27 12:24:37,114 - scraper_cobasi - INFO - Cobasi: Dados extraídos via JSON para Bravecto
2025-09-27 12:24:37,114 - scraper_base - INFO - ✅ Cobasi: 15 produto(s) encontrado(s) para Bravecto
2025-09-27 12:24:40,093 - scraper_base - INFO - 📦 [7/20] Processando Frontline
2025-09-27 12:24:40,093 - scraper_base - INFO - 🔍 Cobasi: Buscando Frontline
2025-09-27 12:24:43,837 - scraper_cobasi - INFO - Cobasi: Dados extraídos via JSON para Frontline
2025-09-27 12:24:43,838 - scraper_base - INFO - ✅ Cobasi: 10 produto(s) encontrado(s) para Frontline
2025-09-27 12:24:45,463 - scraper_base - INFO - 📦 [8/20] Processando Advocate
2025-09-27 12:24:45,463 - scraper_base - INFO - 🔍 Cobasi: Buscando Advocate
2025-09-27 12:24:47,731 - scraper_cobasi - INFO - Cobasi: Dados extraídos via JSON para Advocate
2025-09-27 12:24:47,732 - scraper_base - INFO - ✅ Cobasi: 12 produto(s) encontrado(s) para Advocate
2025-09-27 12:24:48,844 - scraper_base - INFO - 📦 [9/20] Processando Drontal
2025-09-27 12:24:48,845 - scraper_base - INFO - 🔍 Cobasi: Buscando Drontal
2025-09-27 12:24:51,065 - scraper_cobasi - INFO - Cobasi: Dados extraídos via JSON para Drontal
2025-09-27 12:24:51,066 - scraper_base - INFO - ✅ Cobasi: 8 produto(s) encontrado(s) para Drontal
2025-09-27 12:24:53,111 - scraper_base - INFO - 📦 [10/20] Processando Milbemax
2025-09-27 12:24:53,111 - scraper_base - INFO - 🔍 Cobasi: Buscando Milbemax
2025-09-27 12:24:54,731 - scraper_cobasi - INFO - Cobasi: Dados extraídos via JSON para Milbemax
2025-09-27 12:24:54,731 - scraper_base - INFO - ✅ Cobasi: 4 produto(s) encontrado(s) para Milbemax
2025-09-27 12:24:57,238 - scraper_base - INFO - 📦 [11/20] Processando Vermivet
2025-09-27 12:24:57,238 - scraper_base - INFO - 🔍 Cobasi: Buscando Vermivet
2025-09-27 12:24:59,641 - scraper_cobasi - INFO - Cobasi: Dados extraídos via JSON para Vermivet
2025-09-27 12:24:59,642 - scraper_base - INFO - ✅ Cobasi: 5 produto(s) encontrado(s) para Vermivet
2025-09-27 12:25:02,198 - scraper_base - INFO - 📦 [12/20] Processando Rimadyl
2025-09-27 12:25:02,199 - scraper_base - INFO - 🔍 Cobasi: Buscando Rimadyl
2025-09-27 12:25:03,801 - scraper_cobasi - INFO - Cobasi: Dados extraídos via JSON para Rimadyl
2025-09-27 12:25:03,802 - scraper_base - INFO - ✅ Cobasi: 3 produto(s) encontrado(s) para Rimadyl
2025-09-27 12:25:06,576 - scraper_base - INFO - 📦 [13/20] Processando Onsior
2025-09-27 12:25:06,576 - scraper_base - INFO - 🔍 Cobasi: Buscando Onsior
2025-09-27 12:25:08,491 - scraper_cobasi - INFO - Cobasi: Dados extraídos via JSON para Onsior
2025-09-27 12:25:08,492 - scraper_base - INFO - ✅ Cobasi: 4 produto(s) encontrado(s) para Onsior
2025-09-27 12:25:09,685 - scraper_base - INFO - 📦 [14/20] Processando Maxicam
2025-09-27 12:25:09,686 - scraper_base - INFO - 🔍 Cobasi: Buscando Maxicam
2025-09-27 12:25:13,393 - scraper_cobasi - INFO - Cobasi: Dados extraídos via JSON para Maxicam
2025-09-27 12:25:13,394 - scraper_base - INFO - ✅ Cobasi: 21 produto(s) encontrado(s) para Maxicam
2025-09-27 12:25:15,211 - scraper_base - INFO - 📦 [15/20] Processando Carproflan
2025-09-27 12:25:15,221 - scraper_base - INFO - 🔍 Cobasi: Buscando Carproflan
2025-09-27 12:25:16,800 - scraper_cobasi - INFO - Cobasi: Dados extraídos via JSON para Carproflan
2025-09-27 12:25:16,804 - scraper_base - INFO - ✅ Cobasi: 3 produto(s) encontrado(s) para Carproflan
2025-09-27 12:25:18,329 - scraper_base - INFO - 📦 [16/20] Processando Previcox
2025-09-27 12:25:18,329 - scraper_base - INFO - 🔍 Cobasi: Buscando Previcox
2025-09-27 12:25:19,942 - scraper_cobasi - INFO - Cobasi: Dados extraídos via JSON para Previcox
2025-09-27 12:25:19,944 - scraper_base - INFO - ✅ Cobasi: 2 produto(s) encontrado(s) para Previcox
2025-09-27 12:25:21,124 - scraper_base - INFO - 📦 [17/20] Processando Apoquel
2025-09-27 12:25:21,125 - scraper_base - INFO - 🔍 Cobasi: Buscando Apoquel
2025-09-27 12:25:21,518 - scraper_cobasi - INFO - Cobasi: Dados extraídos via JSON para Apoquel
2025-09-27 12:25:21,519 - scraper_base - INFO - ✅ Cobasi: 3 produto(s) encontrado(s) para Apoquel
2025-09-27 12:25:23,141 - scraper_base - INFO - 📦 [18/20] Processando Zenrelia
2025-09-27 12:25:23,141 - scraper_base - INFO - 🔍 Cobasi: Buscando Zenrelia
2025-09-27 12:25:25,225 - scraper_cobasi - INFO - Cobasi: Dados extraídos via JSON para Zenrelia
2025-09-27 12:25:25,225 - scraper_base - INFO - ✅ Cobasi: 4 produto(s) encontrado(s) para Zenrelia
2025-09-27 12:25:26,604 - scraper_base - INFO - 📦 [19/20] Processando Synulox
2025-09-27 12:25:26,605 - scraper_base - INFO - 🔍 Cobasi: Buscando Synulox
2025-09-27 12:25:28,199 - scraper_cobasi - INFO - Cobasi: Dados extraídos via JSON para Synulox
2025-09-27 12:25:28,200 - scraper_base - INFO - ✅ Cobasi: 2 produto(s) encontrado(s) para Synulox
2025-09-27 12:25:30,757 - scraper_base - INFO - 📦 [20/20] Processando Baytril
2025-09-27 12:25:30,757 - scraper_base - INFO - 🔍 Cobasi: Buscando Baytril
2025-09-27 12:25:35,262 - scraper_cobasi - INFO - Cobasi: Dados extraídos via JSON para Baytril
2025-09-27 12:25:35,263 - scraper_base - INFO - ✅ Cobasi: 4 produto(s) encontrado(s) para Baytril
2025-09-27 12:25:37,736 - scraper_base - INFO - 📊 Cobasi - Estatísticas finais:
2025-09-27 12:25:37,737 - scraper_base - INFO -    • Medicamentos processados: 20
2025-09-27 12:25:37,737 - scraper_base - INFO -    • Produtos encontrados: 160
2025-09-27 12:25:37,737 - scraper_base - INFO -    • Medicamentos sem resultado: 0
2025-09-27 12:25:37,738 - scraper_base - INFO -    • Tempo total: 86.7s
2025-09-27 12:25:37,738 - scraper_base - INFO -    • Tempo médio por medicamento: 4.3s
2025-09-27 12:25:38,105 - gerenciador_arquivos - INFO - Excel salvo: dados_coletados\cobasi_20250927_122537.xlsx (160 produtos)
2025-09-27 12:25:38,105 - gerenciador_principal - INFO - Cobasi: Arquivo individual salvo com sucesso
2025-09-27 12:25:38,105 - gerenciador_principal - INFO - Pausando entre sites...
2025-09-27 12:25:40,106 - gerenciador_principal - INFO - [2/3] Processando Petlove
2025-09-27 12:25:40,107 - scraper_base - INFO - 🚀 Iniciando scraping completo - Petlove
2025-09-27 12:25:40,507 - scraper_base - INFO - 📋 20 medicamentos para processar
2025-09-27 12:25:40,508 - scraper_base - INFO - 📦 [1/20] Processando Simparic
2025-09-27 12:25:40,508 - scraper_base - INFO - 🔍 Petlove: Buscando Simparic
2025-09-27 12:25:41,222 - gerenciador_conexoes - INFO - Requests falhou (bloqueado_403), usando Selenium...
2025-09-27 12:26:04,431 - gerenciador_conexoes - INFO - Chrome inicializado com otimizacoes de velocidade
2025-09-27 12:26:26,461 - gerenciador_conexoes - INFO - Requests falhou (bloqueado_403), usando Selenium...
2025-09-27 12:26:58,036 - gerenciador_conexoes - INFO - Requests falhou (bloqueado_403), usando Selenium...
2025-09-27 12:27:27,755 - gerenciador_conexoes - INFO - Requests falhou (bloqueado_403), usando Selenium...
2025-09-27 12:28:21,556 - gerenciador_conexoes - INFO - Requests falhou (bloqueado_403), usando Selenium...
2025-09-27 12:28:56,708 - gerenciador_conexoes - INFO - Requests falhou (bloqueado_403), usando Selenium...
2025-09-27 12:29:52,746 - gerenciador_conexoes - INFO - Requests falhou (bloqueado_403), usando Selenium...
2025-09-27 12:30:33,004 - gerenciador_conexoes - INFO - Requests falhou (bloqueado_403), usando Selenium...
2025-09-27 12:30:48,751 - gerenciador_conexoes - INFO - Requests falhou (bloqueado_403), usando Selenium...
2025-09-27 12:31:02,064 - gerenciador_conexoes - INFO - Requests falhou (bloqueado_403), usando Selenium...
2025-09-27 12:31:12,080 - gerenciador_conexoes - INFO - Requests falhou (bloqueado_403), usando Selenium...
2025-09-27 12:31:19,054 - gerenciador_conexoes - INFO - Requests falhou (bloqueado_403), usando Selenium...
2025-09-27 12:31:23,647 - gerenciador_conexoes - INFO - Requests falhou (bloqueado_403), usando Selenium...
2025-09-27 12:31:28,891 - gerenciador_conexoes - INFO - Requests falhou (bloqueado_403), usando Selenium...
2025-09-27 12:31:33,926 - gerenciador_conexoes - INFO - Requests falhou (bloqueado_403), usando Selenium...
2025-09-27 12:31:39,051 - gerenciador_conexoes - INFO - Requests falhou (bloqueado_403), usando Selenium...
2025-09-27 12:32:03,027 - scraper_base - INFO - ✅ Petlove: 27 produto(s) encontrado(s) para Simparic
2025-09-27 12:32:04,549 - scraper_base - INFO - 📦 [2/20] Processando Revolution
2025-09-27 12:32:04,549 - scraper_base - INFO - 🔍 Petlove: Buscando Revolution
2025-09-27 12:32:05,028 - gerenciador_conexoes - INFO - Requests falhou (bloqueado_403), usando Selenium...
2025-09-27 12:32:11,567 - gerenciador_conexoes - INFO - Requests falhou (bloqueado_403), usando Selenium...
2025-09-27 12:32:17,344 - gerenciador_conexoes - INFO - Requests falhou (bloqueado_403), usando Selenium...
2025-09-27 12:32:22,452 - gerenciador_conexoes - INFO - Requests falhou (bloqueado_403), usando Selenium...
2025-09-27 12:32:27,473 - gerenciador_conexoes - INFO - Requests falhou (bloqueado_403), usando Selenium...
2025-09-27 12:32:31,903 - gerenciador_conexoes - INFO - Requests falhou (bloqueado_403), usando Selenium...
2025-09-27 12:32:34,875 - gerenciador_conexoes - INFO - Requests falhou (bloqueado_403), usando Selenium...
2025-09-27 12:32:40,589 - gerenciador_conexoes - INFO - Requests falhou (bloqueado_403), usando Selenium...
2025-09-27 12:32:47,656 - gerenciador_conexoes - INFO - Requests falhou (bloqueado_403), usando Selenium...
2025-09-27 12:32:54,873 - gerenciador_conexoes - INFO - Requests falhou (bloqueado_403), usando Selenium...
2025-09-27 12:33:01,513 - gerenciador_conexoes - INFO - Requests falhou (bloqueado_403), usando Selenium...
2025-09-27 12:33:06,240 - gerenciador_conexoes - INFO - Requests falhou (bloqueado_403), usando Selenium...
2025-09-27 12:33:14,427 - gerenciador_conexoes - INFO - Requests falhou (bloqueado_403), usando Selenium...
2025-09-27 12:33:18,105 - gerenciador_conexoes - INFO - Requests falhou (bloqueado_403), usando Selenium...
2025-09-27 12:33:20,781 - gerenciador_conexoes - INFO - Requests falhou (bloqueado_403), usando Selenium...
2025-09-27 12:33:25,058 - gerenciador_conexoes - INFO - Requests falhou (bloqueado_403), usando Selenium...
2025-09-27 12:33:28,892 - gerenciador_conexoes - INFO - Requests falhou (bloqueado_403), usando Selenium...
2025-09-27 12:33:33,679 - gerenciador_conexoes - INFO - Requests falhou (bloqueado_403), usando Selenium...
2025-09-27 12:33:37,947 - gerenciador_conexoes - INFO - Requests falhou (bloqueado_403), usando Selenium...
2025-09-27 12:33:41,250 - scraper_base - INFO - ✅ Petlove: 32 produto(s) encontrado(s) para Revolution
2025-09-27 12:33:43,299 - scraper_base - INFO - 📦 [3/20] Processando NexGard
2025-09-27 12:33:43,299 - scraper_base - INFO - 🔍 Petlove: Buscando NexGard
2025-09-27 12:33:44,057 - gerenciador_conexoes - INFO - Requests falhou (bloqueado_403), usando Selenium...
2025-09-27 12:33:48,029 - gerenciador_conexoes - INFO - Requests falhou (bloqueado_403), usando Selenium...
2025-09-27 12:33:52,117 - gerenciador_conexoes - INFO - Requests falhou (bloqueado_403), usando Selenium...
2025-09-27 12:33:56,001 - gerenciador_conexoes - INFO - Requests falhou (bloqueado_403), usando Selenium...
2025-09-27 12:33:59,757 - gerenciador_conexoes - INFO - Requests falhou (bloqueado_403), usando Selenium...
2025-09-27 12:34:03,104 - gerenciador_conexoes - INFO - Requests falhou (bloqueado_403), usando Selenium...
2025-09-27 12:34:06,810 - gerenciador_conexoes - INFO - Requests falhou (bloqueado_403), usando Selenium...
2025-09-27 12:34:10,357 - gerenciador_conexoes - INFO - Requests falhou (bloqueado_403), usando Selenium...
2025-09-27 12:34:13,884 - gerenciador_conexoes - INFO - Requests falhou (bloqueado_403), usando Selenium...
2025-09-27 12:34:17,523 - gerenciador_conexoes - INFO - Requests falhou (bloqueado_403), usando Selenium...
2025-09-27 12:34:21,195 - gerenciador_conexoes - INFO - Requests falhou (bloqueado_403), usando Selenium...
2025-09-27 12:34:25,430 - gerenciador_conexoes - INFO - Requests falhou (bloqueado_403), usando Selenium...
2025-09-27 12:34:28,758 - scraper_base - INFO - ✅ Petlove: 30 produto(s) encontrado(s) para NexGard
2025-09-27 12:34:30,267 - scraper_base - INFO - 📦 [4/20] Processando NexGard Spectra
2025-09-27 12:34:30,268 - scraper_base - INFO - 🔍 Petlove: Buscando NexGard Spectra
2025-09-27 12:34:30,755 - gerenciador_conexoes - INFO - Requests falhou (bloqueado_403), usando Selenium...
2025-09-27 12:34:33,599 - gerenciador_conexoes - INFO - Requests falhou (bloqueado_403), usando Selenium...
2025-09-27 12:34:35,054 - gerenciador_conexoes - INFO - Requests falhou (bloqueado_403), usando Selenium...
2025-09-27 12:34:36,597 - gerenciador_conexoes - INFO - Requests falhou (bloqueado_403), usando Selenium...
2025-09-27 12:34:37,981 - gerenciador_conexoes - INFO - Requests falhou (bloqueado_403), usando Selenium...
2025-09-27 12:34:41,487 - gerenciador_conexoes - INFO - Requests falhou (bloqueado_403), usando Selenium...
2025-09-27 12:34:42,330 - scraper_base - INFO - ✅ Petlove: 15 produto(s) encontrado(s) para NexGard Spectra
2025-09-27 12:34:44,386 - scraper_base - INFO - 📦 [5/20] Processando NexGard Combo
2025-09-27 12:34:44,386 - scraper_base - INFO - 🔍 Petlove: Buscando NexGard Combo
2025-09-27 12:34:44,857 - gerenciador_conexoes - INFO - Requests falhou (bloqueado_403), usando Selenium...
2025-09-27 12:34:47,856 - gerenciador_conexoes - INFO - Requests falhou (bloqueado_403), usando Selenium...
2025-09-27 12:34:49,147 - gerenciador_conexoes - INFO - Requests falhou (bloqueado_403), usando Selenium...
2025-09-27 12:34:50,822 - scraper_base - INFO - ✅ Petlove: 3 produto(s) encontrado(s) para NexGard Combo
2025-09-27 12:34:51,978 - scraper_base - INFO - 📦 [6/20] Processando Bravecto
2025-09-27 12:34:51,978 - scraper_base - INFO - 🔍 Petlove: Buscando Bravecto
2025-09-27 12:34:52,841 - gerenciador_conexoes - INFO - Requests falhou (bloqueado_403), usando Selenium...
2025-09-27 12:34:58,180 - gerenciador_conexoes - INFO - Requests falhou (bloqueado_403), usando Selenium...
2025-09-27 12:35:03,095 - gerenciador_conexoes - INFO - Requests falhou (bloqueado_403), usando Selenium...
2025-09-27 12:35:06,686 - gerenciador_conexoes - INFO - Requests falhou (bloqueado_403), usando Selenium...
2025-09-27 12:35:11,078 - gerenciador_conexoes - INFO - Requests falhou (bloqueado_403), usando Selenium...
2025-09-27 12:35:17,618 - gerenciador_conexoes - INFO - Requests falhou (bloqueado_403), usando Selenium...
2025-09-27 12:35:23,927 - gerenciador_conexoes - INFO - Requests falhou (bloqueado_403), usando Selenium...
2025-09-27 12:35:29,078 - gerenciador_conexoes - INFO - Requests falhou (bloqueado_403), usando Selenium...
2025-09-27 12:35:34,177 - gerenciador_conexoes - INFO - Requests falhou (bloqueado_403), usando Selenium...
2025-09-27 12:35:37,186 - gerenciador_conexoes - INFO - Requests falhou (bloqueado_403), usando Selenium...
2025-09-27 12:35:40,238 - gerenciador_conexoes - INFO - Requests falhou (bloqueado_403), usando Selenium...
2025-09-27 12:35:43,821 - gerenciador_conexoes - INFO - Requests falhou (bloqueado_403), usando Selenium...
2025-09-27 12:35:46,811 - gerenciador_conexoes - INFO - Requests falhou (bloqueado_403), usando Selenium...
2025-09-27 12:35:49,825 - gerenciador_conexoes - INFO - Requests falhou (bloqueado_403), usando Selenium...
2025-09-27 12:35:53,352 - gerenciador_conexoes - INFO - Requests falhou (bloqueado_403), usando Selenium...
2025-09-27 12:36:00,521 - gerenciador_conexoes - INFO - Requests falhou (bloqueado_403), usando Selenium...
2025-09-27 12:36:04,234 - gerenciador_conexoes - INFO - Requests falhou (bloqueado_403), usando Selenium...
2025-09-27 12:36:09,523 - gerenciador_conexoes - INFO - Requests falhou (bloqueado_403), usando Selenium...
2025-09-27 12:36:13,018 - gerenciador_conexoes - INFO - Requests falhou (bloqueado_403), usando Selenium...
2025-09-27 12:36:18,744 - gerenciador_conexoes - INFO - Requests falhou (bloqueado_403), usando Selenium...
2025-09-27 12:36:23,469 - gerenciador_conexoes - INFO - Requests falhou (bloqueado_403), usando Selenium...
2025-09-27 12:36:27,609 - gerenciador_conexoes - INFO - Requests falhou (bloqueado_403), usando Selenium...
2025-09-27 12:36:31,883 - gerenciador_conexoes - INFO - Requests falhou (bloqueado_403), usando Selenium...
2025-09-27 12:36:35,910 - gerenciador_conexoes - INFO - Requests falhou (bloqueado_403), usando Selenium...
2025-09-27 12:36:39,720 - scraper_base - INFO - ✅ Petlove: 30 produto(s) encontrado(s) para Bravecto
2025-09-27 12:36:41,341 - scraper_base - INFO - 📦 [7/20] Processando Frontline
2025-09-27 12:36:41,342 - scraper_base - INFO - 🔍 Petlove: Buscando Frontline
2025-09-27 12:36:41,844 - gerenciador_conexoes - INFO - Requests falhou (bloqueado_403), usando Selenium...
2025-09-27 12:36:46,752 - gerenciador_conexoes - INFO - Requests falhou (bloqueado_403), usando Selenium...
2025-09-27 12:36:50,704 - gerenciador_conexoes - INFO - Requests falhou (bloqueado_403), usando Selenium...
2025-09-27 12:36:55,131 - gerenciador_conexoes - INFO - Requests falhou (bloqueado_403), usando Selenium...
2025-09-27 12:36:58,495 - gerenciador_conexoes - INFO - Requests falhou (bloqueado_403), usando Selenium...
2025-09-27 12:37:05,678 - gerenciador_conexoes - INFO - Requests falhou (bloqueado_403), usando Selenium...
2025-09-27 12:37:11,343 - gerenciador_conexoes - INFO - Requests falhou (bloqueado_403), usando Selenium...
2025-09-27 12:37:15,798 - gerenciador_conexoes - INFO - Requests falhou (bloqueado_403), usando Selenium...
2025-09-27 12:37:19,301 - gerenciador_conexoes - INFO - Requests falhou (bloqueado_403), usando Selenium...
2025-09-27 12:37:23,507 - gerenciador_conexoes - INFO - Requests falhou (bloqueado_403), usando Selenium...
2025-09-27 12:37:26,992 - gerenciador_conexoes - INFO - Requests falhou (bloqueado_403), usando Selenium...
2025-09-27 12:37:29,947 - gerenciador_conexoes - INFO - Requests falhou (bloqueado_403), usando Selenium...
2025-09-27 12:37:33,271 - scraper_base - INFO - ✅ Petlove: 11 produto(s) encontrado(s) para Frontline
2025-09-27 12:37:35,213 - scraper_base - INFO - 📦 [8/20] Processando Advocate
2025-09-27 12:37:35,214 - scraper_base - INFO - 🔍 Petlove: Buscando Advocate
2025-09-27 12:37:35,823 - gerenciador_conexoes - INFO - Requests falhou (bloqueado_403), usando Selenium...
2025-09-27 12:37:38,924 - gerenciador_conexoes - INFO - Requests falhou (bloqueado_403), usando Selenium...
2025-09-27 12:37:42,249 - gerenciador_conexoes - INFO - Requests falhou (bloqueado_403), usando Selenium...
2025-09-27 12:37:46,144 - gerenciador_conexoes - INFO - Requests falhou (bloqueado_403), usando Selenium...
2025-09-27 12:37:49,152 - gerenciador_conexoes - INFO - Requests falhou (bloqueado_403), usando Selenium...
2025-09-27 12:37:52,336 - gerenciador_conexoes - INFO - Requests falhou (bloqueado_403), usando Selenium...
2025-09-27 12:37:55,454 - gerenciador_conexoes - INFO - Requests falhou (bloqueado_403), usando Selenium...
2025-09-27 12:37:58,539 - gerenciador_conexoes - INFO - Requests falhou (bloqueado_403), usando Selenium...
2025-09-27 12:38:01,827 - gerenciador_conexoes - INFO - Requests falhou (bloqueado_403), usando Selenium...
2025-09-27 12:38:06,181 - gerenciador_conexoes - INFO - Requests falhou (bloqueado_403), usando Selenium...
2025-09-27 12:38:09,468 - gerenciador_conexoes - INFO - Requests falhou (bloqueado_403), usando Selenium...
2025-09-27 12:38:12,238 - gerenciador_conexoes - INFO - Requests falhou (bloqueado_403), usando Selenium...
2025-09-27 12:38:14,659 - scraper_base - INFO - ✅ Petlove: 14 produto(s) encontrado(s) para Advocate
2025-09-27 12:38:15,949 - scraper_base - INFO - 📦 [9/20] Processando Drontal
2025-09-27 12:38:15,949 - scraper_base - INFO - 🔍 Petlove: Buscando Drontal
2025-09-27 12:38:16,609 - gerenciador_conexoes - INFO - Requests falhou (bloqueado_403), usando Selenium...
2025-09-27 12:38:20,453 - gerenciador_conexoes - INFO - Requests falhou (bloqueado_403), usando Selenium...
2025-09-27 12:38:23,941 - gerenciador_conexoes - INFO - Requests falhou (bloqueado_403), usando Selenium...
2025-09-27 12:38:26,801 - gerenciador_conexoes - INFO - Requests falhou (bloqueado_403), usando Selenium...
2025-09-27 12:38:30,813 - gerenciador_conexoes - INFO - Requests falhou (bloqueado_403), usando Selenium...
2025-09-27 12:38:33,796 - gerenciador_conexoes - INFO - Requests falhou (bloqueado_403), usando Selenium...
2025-09-27 12:38:36,952 - gerenciador_conexoes - INFO - Requests falhou (bloqueado_403), usando Selenium...
2025-09-27 12:38:40,616 - gerenciador_conexoes - INFO - Requests falhou (bloqueado_403), usando Selenium...
2025-09-27 12:38:43,271 - gerenciador_conexoes - INFO - Requests falhou (bloqueado_403), usando Selenium...
2025-09-27 12:38:47,459 - gerenciador_conexoes - INFO - Requests falhou (bloqueado_403), usando Selenium...
2025-09-27 12:38:52,175 - gerenciador_conexoes - INFO - Requests falhou (bloqueado_403), usando Selenium...
2025-09-27 12:38:58,512 - gerenciador_conexoes - INFO - Requests falhou (bloqueado_403), usando Selenium...
2025-09-27 12:39:04,183 - gerenciador_conexoes - INFO - Requests falhou (bloqueado_403), usando Selenium...
2025-09-27 12:39:09,812 - gerenciador_conexoes - INFO - Requests falhou (bloqueado_403), usando Selenium...
2025-09-27 12:39:14,029 - gerenciador_conexoes - INFO - Requests falhou (bloqueado_403), usando Selenium...
2025-09-27 12:39:19,633 - gerenciador_conexoes - INFO - Requests falhou (bloqueado_403), usando Selenium...
2025-09-27 12:39:23,241 - gerenciador_conexoes - INFO - Requests falhou (bloqueado_403), usando Selenium...
2025-09-27 12:39:30,700 - gerenciador_conexoes - INFO - Requests falhou (bloqueado_403), usando Selenium...
2025-09-27 12:39:33,607 - gerenciador_conexoes - INFO - Requests falhou (bloqueado_403), usando Selenium...
2025-09-27 12:39:37,363 - gerenciador_conexoes - INFO - Requests falhou (bloqueado_403), usando Selenium...
2025-09-27 12:39:40,975 - gerenciador_conexoes - INFO - Requests falhou (bloqueado_403), usando Selenium...
2025-09-27 12:39:44,151 - gerenciador_conexoes - INFO - Requests falhou (bloqueado_403), usando Selenium...
2025-09-27 12:39:47,392 - gerenciador_conexoes - INFO - Requests falhou (bloqueado_403), usando Selenium...
2025-09-27 12:39:50,428 - gerenciador_conexoes - INFO - Requests falhou (bloqueado_403), usando Selenium...
2025-09-27 12:39:53,502 - gerenciador_conexoes - INFO - Requests falhou (bloqueado_403), usando Selenium...
2025-09-27 12:39:56,602 - gerenciador_conexoes - INFO - Requests falhou (bloqueado_403), usando Selenium...
2025-09-27 12:39:59,776 - gerenciador_conexoes - INFO - Requests falhou (bloqueado_403), usando Selenium...
2025-09-27 12:40:02,860 - gerenciador_conexoes - INFO - Requests falhou (bloqueado_403), usando Selenium...
2025-09-27 12:40:05,971 - gerenciador_conexoes - INFO - Requests falhou (bloqueado_403), usando Selenium...
2025-09-27 12:40:09,490 - gerenciador_conexoes - INFO - Requests falhou (bloqueado_403), usando Selenium...
2025-09-27 12:40:12,909 - gerenciador_conexoes - INFO - Requests falhou (bloqueado_403), usando Selenium...
2025-09-27 12:40:15,815 - gerenciador_conexoes - INFO - Requests falhou (bloqueado_403), usando Selenium...
2025-09-27 12:40:18,955 - gerenciador_conexoes - INFO - Requests falhou (bloqueado_403), usando Selenium...
2025-09-27 12:40:22,661 - gerenciador_conexoes - INFO - Requests falhou (bloqueado_403), usando Selenium...
2025-09-27 12:40:25,950 - gerenciador_conexoes - INFO - Requests falhou (bloqueado_403), usando Selenium...
2025-09-27 12:40:29,297 - gerenciador_conexoes - INFO - Requests falhou (bloqueado_403), usando Selenium...
2025-09-27 12:40:33,223 - gerenciador_conexoes - INFO - Requests falhou (bloqueado_403), usando Selenium...
2025-09-27 12:40:35,678 - scraper_base - INFO - ✅ Petlove: 60 produto(s) encontrado(s) para Drontal
2025-09-27 12:40:37,369 - scraper_base - INFO - 📦 [10/20] Processando Milbemax
2025-09-27 12:40:37,370 - scraper_base - INFO - 🔍 Petlove: Buscando Milbemax
2025-09-27 12:40:37,781 - gerenciador_conexoes - INFO - Requests falhou (bloqueado_403), usando Selenium...
2025-09-27 12:40:40,927 - gerenciador_conexoes - INFO - Requests falhou (bloqueado_403), usando Selenium...
2025-09-27 12:40:44,193 - gerenciador_conexoes - INFO - Requests falhou (bloqueado_403), usando Selenium...
2025-09-27 12:40:47,502 - gerenciador_conexoes - INFO - Requests falhou (bloqueado_403), usando Selenium...
2025-09-27 12:40:50,693 - gerenciador_conexoes - INFO - Requests falhou (bloqueado_403), usando Selenium...
2025-09-27 12:40:54,490 - scraper_base - INFO - ✅ Petlove: 4 produto(s) encontrado(s) para Milbemax
2025-09-27 12:40:57,428 - scraper_base - INFO - 📦 [11/20] Processando Vermivet
2025-09-27 12:40:57,428 - scraper_base - INFO - 🔍 Petlove: Buscando Vermivet
2025-09-27 12:40:57,847 - gerenciador_conexoes - INFO - Requests falhou (bloqueado_403), usando Selenium...
2025-09-27 12:41:01,598 - gerenciador_conexoes - INFO - Requests falhou (bloqueado_403), usando Selenium...
2025-09-27 12:41:07,347 - gerenciador_conexoes - INFO - Requests falhou (bloqueado_403), usando Selenium...
2025-09-27 12:41:11,960 - gerenciador_conexoes - INFO - Requests falhou (bloqueado_403), usando Selenium...
2025-09-27 12:41:17,952 - gerenciador_conexoes - INFO - Requests falhou (bloqueado_403), usando Selenium...
2025-09-27 12:41:25,772 - gerenciador_conexoes - INFO - Requests falhou (bloqueado_403), usando Selenium...
2025-09-27 12:41:29,269 - gerenciador_conexoes - INFO - Requests falhou (bloqueado_403), usando Selenium...
2025-09-27 12:41:32,705 - gerenciador_conexoes - INFO - Requests falhou (bloqueado_403), usando Selenium...
2025-09-27 12:41:38,963 - gerenciador_conexoes - INFO - Requests falhou (bloqueado_403), usando Selenium...
2025-09-27 12:41:44,597 - gerenciador_conexoes - INFO - Requests falhou (bloqueado_403), usando Selenium...
2025-09-27 12:41:48,105 - gerenciador_conexoes - INFO - Requests falhou (bloqueado_403), usando Selenium...
2025-09-27 12:41:51,360 - gerenciador_conexoes - INFO - Requests falhou (bloqueado_403), usando Selenium...
2025-09-27 12:41:55,715 - gerenciador_conexoes - INFO - Requests falhou (bloqueado_403), usando Selenium...
2025-09-27 12:41:59,457 - gerenciador_conexoes - INFO - Requests falhou (bloqueado_403), usando Selenium...
2025-09-27 12:42:00,685 - gerenciador_conexoes - INFO - Requests falhou (bloqueado_403), usando Selenium...
2025-09-27 12:42:04,107 - gerenciador_conexoes - INFO - Requests falhou (bloqueado_403), usando Selenium...
2025-09-27 12:42:07,488 - gerenciador_conexoes - INFO - Requests falhou (bloqueado_403), usando Selenium...
2025-09-27 12:42:10,398 - gerenciador_conexoes - INFO - Requests falhou (bloqueado_403), usando Selenium...
2025-09-27 12:42:13,782 - gerenciador_conexoes - INFO - Requests falhou (bloqueado_403), usando Selenium...
2025-09-27 12:42:17,292 - gerenciador_conexoes - INFO - Requests falhou (bloqueado_403), usando Selenium...
2025-09-27 12:42:20,584 - gerenciador_conexoes - INFO - Requests falhou (bloqueado_403), usando Selenium...
2025-09-27 12:42:24,331 - gerenciador_conexoes - INFO - Requests falhou (bloqueado_403), usando Selenium...
2025-09-27 12:42:28,182 - gerenciador_conexoes - INFO - Requests falhou (bloqueado_403), usando Selenium...
2025-09-27 12:42:32,014 - gerenciador_conexoes - INFO - Requests falhou (bloqueado_403), usando Selenium...
2025-09-27 12:42:35,658 - gerenciador_conexoes - INFO - Requests falhou (bloqueado_403), usando Selenium...
2025-09-27 12:42:38,984 - gerenciador_conexoes - INFO - Requests falhou (bloqueado_403), usando Selenium...
2025-09-27 12:42:41,647 - gerenciador_conexoes - INFO - Requests falhou (bloqueado_403), usando Selenium...
2025-09-27 12:42:45,518 - gerenciador_conexoes - INFO - Requests falhou (bloqueado_403), usando Selenium...
2025-09-27 12:42:49,277 - gerenciador_conexoes - INFO - Requests falhou (bloqueado_403), usando Selenium...
2025-09-27 12:42:52,596 - gerenciador_conexoes - INFO - Requests falhou (bloqueado_403), usando Selenium...
2025-09-27 12:42:57,038 - gerenciador_conexoes - INFO - Requests falhou (bloqueado_403), usando Selenium...
2025-09-27 12:42:58,513 - gerenciador_conexoes - INFO - Requests falhou (bloqueado_403), usando Selenium...
2025-09-27 12:43:02,005 - gerenciador_conexoes - INFO - Requests falhou (bloqueado_403), usando Selenium...
2025-09-27 12:43:05,417 - gerenciador_conexoes - INFO - Requests falhou (bloqueado_403), usando Selenium...
2025-09-27 12:43:10,150 - gerenciador_conexoes - INFO - Requests falhou (bloqueado_403), usando Selenium...
2025-09-27 12:43:13,306 - gerenciador_conexoes - INFO - Requests falhou (bloqueado_403), usando Selenium...
2025-09-27 12:43:19,117 - gerenciador_conexoes - INFO - Requests falhou (bloqueado_403), usando Selenium...
2025-09-27 12:43:22,733 - scraper_base - INFO - ✅ Petlove: 49 produto(s) encontrado(s) para Vermivet
2025-09-27 12:43:23,902 - scraper_base - INFO - 📦 [12/20] Processando Rimadyl
2025-09-27 12:43:23,902 - scraper_base - INFO - 🔍 Petlove: Buscando Rimadyl
2025-09-27 12:43:24,335 - gerenciador_conexoes - INFO - Requests falhou (bloqueado_403), usando Selenium...
2025-09-27 12:43:28,251 - gerenciador_conexoes - INFO - Requests falhou (bloqueado_403), usando Selenium...
2025-09-27 12:43:32,814 - scraper_base - INFO - ✅ Petlove: 3 produto(s) encontrado(s) para Rimadyl
2025-09-27 12:43:35,538 - scraper_base - INFO - 📦 [13/20] Processando Onsior
2025-09-27 12:43:35,540 - scraper_base - INFO - 🔍 Petlove: Buscando Onsior
2025-09-27 12:43:35,923 - gerenciador_conexoes - INFO - Requests falhou (bloqueado_403), usando Selenium...
2025-09-27 12:43:39,289 - gerenciador_conexoes - INFO - Requests falhou (bloqueado_403), usando Selenium...
2025-09-27 12:43:44,318 - gerenciador_conexoes - INFO - Requests falhou (bloqueado_403), usando Selenium...
2025-09-27 12:43:49,957 - gerenciador_conexoes - INFO - Requests falhou (bloqueado_403), usando Selenium...
2025-09-27 12:43:54,791 - gerenciador_conexoes - INFO - Requests falhou (bloqueado_403), usando Selenium...
2025-09-27 12:43:58,527 - scraper_base - INFO - ✅ Petlove: 4 produto(s) encontrado(s) para Onsior
2025-09-27 12:43:59,919 - scraper_base - INFO - 📦 [14/20] Processando Maxicam
2025-09-27 12:43:59,920 - scraper_base - INFO - 🔍 Petlove: Buscando Maxicam
2025-09-27 12:44:00,325 - gerenciador_conexoes - INFO - Requests falhou (bloqueado_403), usando Selenium...
2025-09-27 12:44:04,388 - gerenciador_conexoes - INFO - Requests falhou (bloqueado_403), usando Selenium...
2025-09-27 12:44:11,206 - gerenciador_conexoes - INFO - Requests falhou (bloqueado_403), usando Selenium...
2025-09-27 12:44:14,744 - gerenciador_conexoes - INFO - Requests falhou (bloqueado_403), usando Selenium...
2025-09-27 12:44:19,190 - gerenciador_conexoes - INFO - Requests falhou (bloqueado_403), usando Selenium...
2025-09-27 12:44:23,154 - scraper_base - INFO - ✅ Petlove: 5 produto(s) encontrado(s) para Maxicam
2025-09-27 12:44:25,234 - scraper_base - INFO - 📦 [15/20] Processando Carproflan
2025-09-27 12:44:25,234 - scraper_base - INFO - 🔍 Petlove: Buscando Carproflan
2025-09-27 12:44:25,653 - gerenciador_conexoes - INFO - Requests falhou (bloqueado_403), usando Selenium...
2025-09-27 12:44:29,235 - gerenciador_conexoes - INFO - Requests falhou (bloqueado_403), usando Selenium...
2025-09-27 12:44:32,386 - gerenciador_conexoes - INFO - Requests falhou (bloqueado_403), usando Selenium...
2025-09-27 12:44:36,234 - gerenciador_conexoes - INFO - Requests falhou (bloqueado_403), usando Selenium...
2025-09-27 12:44:39,207 - gerenciador_conexoes - INFO - Requests falhou (bloqueado_403), usando Selenium...
2025-09-27 12:44:42,962 - gerenciador_conexoes - INFO - Requests falhou (bloqueado_403), usando Selenium...
2025-09-27 12:44:46,960 - gerenciador_conexoes - INFO - Requests falhou (bloqueado_403), usando Selenium...
2025-09-27 12:44:49,698 - gerenciador_conexoes - INFO - Requests falhou (bloqueado_403), usando Selenium...
2025-09-27 12:44:52,259 - scraper_base - INFO - ✅ Petlove: 10 produto(s) encontrado(s) para Carproflan
2025-09-27 12:44:54,327 - scraper_base - INFO - 📦 [16/20] Processando Previcox
2025-09-27 12:44:54,328 - scraper_base - INFO - 🔍 Petlove: Buscando Previcox
2025-09-27 12:44:54,977 - gerenciador_conexoes - INFO - Requests falhou (bloqueado_403), usando Selenium...
2025-09-27 12:44:58,131 - gerenciador_conexoes - INFO - Requests falhou (bloqueado_403), usando Selenium...
2025-09-27 12:45:00,953 - gerenciador_conexoes - INFO - Requests falhou (bloqueado_403), usando Selenium...
2025-09-27 12:45:03,848 - gerenciador_conexoes - INFO - Requests falhou (bloqueado_403), usando Selenium...
2025-09-27 12:45:07,600 - gerenciador_conexoes - INFO - Requests falhou (bloqueado_403), usando Selenium...
2025-09-27 12:45:08,968 - gerenciador_conexoes - INFO - Requests falhou (bloqueado_403), usando Selenium...
2025-09-27 12:45:10,599 - gerenciador_conexoes - INFO - Requests falhou (bloqueado_403), usando Selenium...
2025-09-27 12:45:11,965 - gerenciador_conexoes - INFO - Requests falhou (bloqueado_403), usando Selenium...
2025-09-27 12:45:13,157 - gerenciador_conexoes - INFO - Requests falhou (bloqueado_403), usando Selenium...
2025-09-27 12:45:16,210 - gerenciador_conexoes - INFO - Requests falhou (bloqueado_403), usando Selenium...
2025-09-27 12:45:19,148 - gerenciador_conexoes - INFO - Requests falhou (bloqueado_403), usando Selenium...
2025-09-27 12:45:22,266 - gerenciador_conexoes - INFO - Requests falhou (bloqueado_403), usando Selenium...
2025-09-27 12:45:25,426 - gerenciador_conexoes - INFO - Requests falhou (bloqueado_403), usando Selenium...
2025-09-27 12:45:28,932 - scraper_base - INFO - ✅ Petlove: 13 produto(s) encontrado(s) para Previcox
2025-09-27 12:45:31,709 - scraper_base - INFO - 📦 [17/20] Processando Apoquel
2025-09-27 12:45:31,710 - scraper_base - INFO - 🔍 Petlove: Buscando Apoquel
2025-09-27 12:45:32,149 - gerenciador_conexoes - INFO - Requests falhou (bloqueado_403), usando Selenium...
2025-09-27 12:45:35,928 - gerenciador_conexoes - INFO - Requests falhou (bloqueado_403), usando Selenium...
2025-09-27 12:45:40,880 - gerenciador_conexoes - INFO - Requests falhou (bloqueado_403), usando Selenium...
2025-09-27 12:45:42,651 - gerenciador_conexoes - INFO - Requests falhou (bloqueado_403), usando Selenium...
2025-09-27 12:45:44,776 - gerenciador_conexoes - INFO - Requests falhou (bloqueado_403), usando Selenium...
2025-09-27 12:45:46,246 - gerenciador_conexoes - INFO - Requests falhou (bloqueado_403), usando Selenium...
2025-09-27 12:45:47,344 - gerenciador_conexoes - INFO - Requests falhou (bloqueado_403), usando Selenium...
2025-09-27 12:45:48,497 - gerenciador_conexoes - INFO - Requests falhou (bloqueado_403), usando Selenium...
2025-09-27 12:45:50,443 - gerenciador_conexoes - INFO - Requests falhou (bloqueado_403), usando Selenium...
2025-09-27 12:45:51,932 - gerenciador_conexoes - INFO - Requests falhou (bloqueado_403), usando Selenium...
2025-09-27 12:45:53,272 - gerenciador_conexoes - INFO - Requests falhou (bloqueado_403), usando Selenium...
2025-09-27 12:45:54,669 - gerenciador_conexoes - INFO - Requests falhou (bloqueado_403), usando Selenium...
2025-09-27 12:45:58,684 - gerenciador_conexoes - INFO - Requests falhou (bloqueado_403), usando Selenium...
2025-09-27 12:46:00,437 - gerenciador_conexoes - INFO - Requests falhou (bloqueado_403), usando Selenium...
2025-09-27 12:46:02,159 - gerenciador_conexoes - INFO - Requests falhou (bloqueado_403), usando Selenium...
2025-09-27 12:46:03,921 - gerenciador_conexoes - INFO - Requests falhou (bloqueado_403), usando Selenium...
2025-09-27 12:46:05,220 - gerenciador_conexoes - INFO - Requests falhou (bloqueado_403), usando Selenium...
2025-09-27 12:46:06,259 - scraper_base - INFO - ✅ Petlove: 18 produto(s) encontrado(s) para Apoquel
2025-09-27 12:46:07,598 - scraper_base - INFO - 📦 [18/20] Processando Zenrelia
2025-09-27 12:46:07,599 - scraper_base - INFO - 🔍 Petlove: Buscando Zenrelia
2025-09-27 12:46:08,037 - gerenciador_conexoes - INFO - Requests falhou (bloqueado_403), usando Selenium...
2025-09-27 12:46:12,811 - gerenciador_conexoes - INFO - Requests falhou (bloqueado_403), usando Selenium...
2025-09-27 12:46:16,103 - gerenciador_conexoes - INFO - Requests falhou (bloqueado_403), usando Selenium...
2025-09-27 12:46:22,160 - gerenciador_conexoes - INFO - Requests falhou (bloqueado_403), usando Selenium...
2025-09-27 12:46:25,290 - gerenciador_conexoes - INFO - Requests falhou (bloqueado_403), usando Selenium...
2025-09-27 12:46:28,334 - scraper_base - INFO - ✅ Petlove: 4 produto(s) encontrado(s) para Zenrelia
2025-09-27 12:46:30,302 - scraper_base - INFO - 📦 [19/20] Processando Synulox
2025-09-27 12:46:30,303 - scraper_base - INFO - 🔍 Petlove: Buscando Synulox
2025-09-27 12:46:30,695 - gerenciador_conexoes - INFO - Requests falhou (bloqueado_403), usando Selenium...
2025-09-27 12:46:33,567 - gerenciador_conexoes - INFO - Requests falhou (bloqueado_403), usando Selenium...
2025-09-27 12:46:36,254 - scraper_base - INFO - ✅ Petlove: 2 produto(s) encontrado(s) para Synulox
2025-09-27 12:46:37,453 - scraper_base - INFO - 📦 [20/20] Processando Baytril
2025-09-27 12:46:37,454 - scraper_base - INFO - 🔍 Petlove: Buscando Baytril
2025-09-27 12:46:37,852 - gerenciador_conexoes - INFO - Requests falhou (bloqueado_403), usando Selenium...
2025-09-27 12:46:40,916 - gerenciador_conexoes - INFO - Requests falhou (bloqueado_403), usando Selenium...
2025-09-27 12:46:44,591 - gerenciador_conexoes - INFO - Requests falhou (bloqueado_403), usando Selenium...
2025-09-27 12:46:48,472 - gerenciador_conexoes - INFO - Requests falhou (bloqueado_403), usando Selenium...
2025-09-27 12:46:52,337 - gerenciador_conexoes - INFO - Requests falhou (bloqueado_403), usando Selenium...
2025-09-27 12:46:55,176 - gerenciador_conexoes - INFO - Requests falhou (bloqueado_403), usando Selenium...
2025-09-27 12:46:58,749 - scraper_base - INFO - ✅ Petlove: 5 produto(s) encontrado(s) para Baytril
2025-09-27 12:47:01,435 - scraper_base - INFO - 📊 Petlove - Estatísticas finais:
2025-09-27 12:47:01,435 - scraper_base - INFO -    • Medicamentos processados: 20
2025-09-27 12:47:01,436 - scraper_base - INFO -    • Produtos encontrados: 339
2025-09-27 12:47:01,436 - scraper_base - INFO -    • Medicamentos sem resultado: 0
2025-09-27 12:47:01,436 - scraper_base - INFO -    • Tempo total: 1281.3s
2025-09-27 12:47:01,436 - scraper_base - INFO -    • Tempo médio por medicamento: 64.1s
2025-09-27 12:47:01,517 - gerenciador_arquivos - INFO - Excel salvo: dados_coletados\petlove_20250927_124701.xlsx (339 produtos)
2025-09-27 12:47:01,517 - gerenciador_principal - INFO - Petlove: Arquivo individual salvo com sucesso
2025-09-27 12:47:01,518 - gerenciador_principal - INFO - Pausando entre sites...
2025-09-27 12:47:03,519 - gerenciador_principal - INFO - [3/3] Processando Petz
2025-09-27 12:47:03,519 - scraper_base - INFO - 🚀 Iniciando scraping completo - Petz
2025-09-27 12:47:05,002 - gerenciador_conexoes - INFO - Sessao estabelecida com petz.com.br
2025-09-27 12:47:05,002 - scraper_base - INFO - 📋 20 medicamentos para processar
2025-09-27 12:47:05,002 - scraper_base - INFO - 📦 [1/20] Processando Simparic
2025-09-27 12:47:05,003 - scraper_base - INFO - 🔍 Petz: Buscando Simparic
2025-09-27 12:47:05,056 - gerenciador_conexoes - INFO - Requests falhou (bloqueado_403), usando Selenium...
2025-09-27 12:47:18,425 - scraper_base - INFO - ✅ Petz: 12 produto(s) encontrado(s) para Simparic
2025-09-27 12:47:20,906 - scraper_base - INFO - 📦 [2/20] Processando Revolution
2025-09-27 12:47:20,906 - scraper_base - INFO - 🔍 Petz: Buscando Revolution
2025-09-27 12:47:21,362 - gerenciador_conexoes - INFO - Requests falhou (bloqueado_403), usando Selenium...
2025-09-27 12:47:29,097 - scraper_base - INFO - ✅ Petz: 27 produto(s) encontrado(s) para Revolution
2025-09-27 12:47:30,964 - scraper_base - INFO - 📦 [3/20] Processando NexGard
2025-09-27 12:47:30,965 - scraper_base - INFO - 🔍 Petz: Buscando NexGard
2025-09-27 12:47:31,859 - scraper_base - INFO - ✅ Petz: 22 produto(s) encontrado(s) para NexGard
2025-09-27 12:47:33,883 - scraper_base - INFO - 📦 [4/20] Processando NexGard Spectra
2025-09-27 12:47:33,884 - scraper_base - INFO - 🔍 Petz: Buscando NexGard Spectra
2025-09-27 12:47:34,234 - scraper_base - INFO - ✅ Petz: 10 produto(s) encontrado(s) para NexGard Spectra
2025-09-27 12:47:35,640 - scraper_base - INFO - 📦 [5/20] Processando NexGard Combo
2025-09-27 12:47:35,641 - scraper_base - INFO - 🔍 Petz: Buscando NexGard Combo
2025-09-27 12:47:35,860 - scraper_base - INFO - ✅ Petz: 4 produto(s) encontrado(s) para NexGard Combo
2025-09-27 12:47:38,270 - scraper_base - INFO - 📦 [6/20] Processando Bravecto
2025-09-27 12:47:38,270 - scraper_base - INFO - 🔍 Petz: Buscando Bravecto
2025-09-27 12:47:38,308 - gerenciador_conexoes - INFO - Requests falhou (bloqueado_403), usando Selenium...
2025-09-27 12:47:43,243 - scraper_base - INFO - ✅ Petz: 16 produto(s) encontrado(s) para Bravecto
2025-09-27 12:47:44,406 - scraper_base - INFO - 📦 [7/20] Processando Frontline
2025-09-27 12:47:44,407 - scraper_base - INFO - 🔍 Petz: Buscando Frontline
2025-09-27 12:47:45,206 - scraper_base - INFO - ✅ Petz: 11 produto(s) encontrado(s) para Frontline
2025-09-27 12:47:48,095 - scraper_base - INFO - 📦 [8/20] Processando Advocate
2025-09-27 12:47:48,096 - scraper_base - INFO - 🔍 Petz: Buscando Advocate
2025-09-27 12:47:48,137 - gerenciador_conexoes - INFO - Requests falhou (bloqueado_403), usando Selenium...
2025-09-27 12:47:53,301 - scraper_base - INFO - ✅ Petz: 12 produto(s) encontrado(s) para Advocate
2025-09-27 12:47:54,564 - scraper_base - INFO - 📦 [9/20] Processando Drontal
2025-09-27 12:47:54,565 - scraper_base - INFO - 🔍 Petz: Buscando Drontal
2025-09-27 12:47:55,002 - gerenciador_conexoes - INFO - Requests falhou (bloqueado_403), usando Selenium...
2025-09-27 12:48:00,781 - scraper_base - INFO - ✅ Petz: 34 produto(s) encontrado(s) para Drontal
2025-09-27 12:48:03,122 - scraper_base - INFO - 📦 [10/20] Processando Milbemax
2025-09-27 12:48:03,123 - scraper_base - INFO - 🔍 Petz: Buscando Milbemax
2025-09-27 12:48:03,743 - scraper_base - INFO - ✅ Petz: 4 produto(s) encontrado(s) para Milbemax
2025-09-27 12:48:05,578 - scraper_base - INFO - 📦 [11/20] Processando Vermivet
2025-09-27 12:48:05,578 - scraper_base - INFO - 🔍 Petz: Buscando Vermivet
2025-09-27 12:48:05,614 - gerenciador_conexoes - INFO - Requests falhou (bloqueado_403), usando Selenium...
2025-09-27 12:48:13,180 - scraper_base - INFO - ✅ Petz: 5 produto(s) encontrado(s) para Vermivet
2025-09-27 12:48:15,661 - scraper_base - INFO - 📦 [12/20] Processando Rimadyl
2025-09-27 12:48:15,662 - scraper_base - INFO - 🔍 Petz: Buscando Rimadyl
2025-09-27 12:48:16,164 - gerenciador_conexoes - INFO - Requests falhou (bloqueado_403), usando Selenium...
2025-09-27 12:48:20,589 - scraper_base - INFO - ✅ Petz: 3 produto(s) encontrado(s) para Rimadyl
2025-09-27 12:48:23,556 - scraper_base - INFO - 📦 [13/20] Processando Onsior
2025-09-27 12:48:23,557 - scraper_base - INFO - 🔍 Petz: Buscando Onsior
2025-09-27 12:48:24,300 - scraper_base - INFO - ✅ Petz: 4 produto(s) encontrado(s) para Onsior
2025-09-27 12:48:26,921 - scraper_base - INFO - 📦 [14/20] Processando Maxicam
2025-09-27 12:48:26,922 - scraper_base - INFO - 🔍 Petz: Buscando Maxicam
2025-09-27 12:48:26,961 - gerenciador_conexoes - INFO - Requests falhou (bloqueado_403), usando Selenium...
2025-09-27 12:48:35,713 - scraper_base - INFO - ✅ Petz: 28 produto(s) encontrado(s) para Maxicam
2025-09-27 12:48:38,541 - scraper_base - INFO - 📦 [15/20] Processando Carproflan
2025-09-27 12:48:38,542 - scraper_base - INFO - 🔍 Petz: Buscando Carproflan
2025-09-27 12:48:39,051 - gerenciador_conexoes - INFO - Requests falhou (bloqueado_403), usando Selenium...
2025-09-27 12:48:42,940 - scraper_base - INFO - ✅ Petz: 3 produto(s) encontrado(s) para Carproflan
2025-09-27 12:48:44,681 - scraper_base - INFO - 📦 [16/20] Processando Previcox
2025-09-27 12:48:44,682 - scraper_base - INFO - 🔍 Petz: Buscando Previcox
2025-09-27 12:48:45,106 - gerenciador_conexoes - INFO - Requests falhou (bloqueado_403), usando Selenium...
2025-09-27 12:48:48,979 - scraper_base - INFO - ✅ Petz: 2 produto(s) encontrado(s) para Previcox
2025-09-27 12:48:51,150 - scraper_base - INFO - 📦 [17/20] Processando Apoquel
2025-09-27 12:48:51,150 - scraper_base - INFO - 🔍 Petz: Buscando Apoquel
2025-09-27 12:48:51,555 - gerenciador_conexoes - INFO - Requests falhou (bloqueado_403), usando Selenium...
2025-09-27 12:48:55,841 - scraper_base - INFO - ✅ Petz: 3 produto(s) encontrado(s) para Apoquel
2025-09-27 12:48:58,188 - scraper_base - INFO - 📦 [18/20] Processando Zenrelia
2025-09-27 12:48:58,189 - scraper_base - INFO - 🔍 Petz: Buscando Zenrelia
2025-09-27 12:48:58,612 - gerenciador_conexoes - INFO - Requests falhou (bloqueado_403), usando Selenium...
2025-09-27 12:49:02,443 - scraper_base - INFO - ✅ Petz: 4 produto(s) encontrado(s) para Zenrelia
2025-09-27 12:49:04,480 - scraper_base - INFO - 📦 [19/20] Processando Synulox
2025-09-27 12:49:04,480 - scraper_base - INFO - 🔍 Petz: Buscando Synulox
2025-09-27 12:49:04,926 - gerenciador_conexoes - INFO - Requests falhou (bloqueado_403), usando Selenium...
2025-09-27 12:49:08,994 - scraper_base - INFO - ✅ Petz: 2 produto(s) encontrado(s) para Synulox
2025-09-27 12:49:10,165 - scraper_base - INFO - 📦 [20/20] Processando Baytril
2025-09-27 12:49:10,166 - scraper_base - INFO - 🔍 Petz: Buscando Baytril
2025-09-27 12:49:10,934 - gerenciador_conexoes - INFO - Requests falhou (bloqueado_403), usando Selenium...
2025-09-27 12:49:15,412 - scraper_base - INFO - ✅ Petz: 10 produto(s) encontrado(s) para Baytril
2025-09-27 12:49:18,260 - scraper_base - INFO - 📊 Petz - Estatísticas finais:
2025-09-27 12:49:18,261 - scraper_base - INFO -    • Medicamentos processados: 20
2025-09-27 12:49:18,261 - scraper_base - INFO -    • Produtos encontrados: 216
2025-09-27 12:49:18,262 - scraper_base - INFO -    • Medicamentos sem resultado: 0
2025-09-27 12:49:18,262 - scraper_base - INFO -    • Tempo total: 134.7s
2025-09-27 12:49:18,263 - scraper_base - INFO -    • Tempo médio por medicamento: 6.7s
2025-09-27 12:49:18,334 - gerenciador_arquivos - INFO - Excel salvo: dados_coletados\petz_20250927_124918.xlsx (216 produtos)
2025-09-27 12:49:18,334 - gerenciador_principal - INFO - Petz: Arquivo individual salvo com sucesso
2025-09-27 12:49:18,335 - gerenciador_principal - INFO - Gerando relatório consolidado...
2025-09-27 12:49:18,751 - gerenciador_arquivos - INFO - Relatório consolidado salvo: dados_coletados\relatorio_consolidado_20250927_124918.xlsx
2025-09-27 12:49:21,883 - gerenciador_conexoes - INFO - Chrome fechado
2025-09-27 12:49:21,884 - gerenciador_conexoes - INFO - Métodos utilizados - Requests: 9.1%, Selenium: 90.9%, Falhas: 0.0%
2025-09-27 12:49:21,884 - gerenciador_principal - INFO - ============================================================
2025-09-27 12:49:21,884 - gerenciador_principal - INFO - RELATORIO FINAL DE EXECUÇÃO
2025-09-27 12:49:21,885 - gerenciador_principal - INFO - ============================================================
2025-09-27 12:49:21,885 - gerenciador_principal - INFO - Sites processados: 3
2025-09-27 12:49:21,885 - gerenciador_principal - INFO - Sites com sucesso: 3
2025-09-27 12:49:21,886 - gerenciador_principal - INFO - Total de produtos coletados: 715
2025-09-27 12:49:21,886 - gerenciador_principal - INFO - Tempo total de execução: 1507.3 segundos
2025-09-27 12:49:21,886 - gerenciador_principal - INFO - Estatísticas de conexão:
2025-09-27 12:49:21,886 - gerenciador_principal - INFO -   - Requests bem-sucedidos: 9.1%
2025-09-27 12:49:21,886 - gerenciador_principal - INFO -   - Selenium fallback: 90.9%
2025-09-27 12:49:21,887 - gerenciador_principal - INFO -   - Falhas totais: 0.0%
2025-09-27 12:49:21,888 - gerenciador_principal - INFO - Arquivos salvos na pasta: dados_coletados
2025-09-27 12:49:21,888 - gerenciador_principal - INFO - Total de arquivos: 5
2025-09-27 12:49:21,888 - gerenciador_principal - INFO - ============================================================
